<?xml version="1.0" encoding="UTF-8"?>
<!-- Generated by org.testng.reporters.JUnitReportReporter -->
<testsuite hostname="DESKTOP-TV4MKC4" failures="0" tests="2" name="com.tiki.product.Product_01_New_Product" time="118.831" errors="0" timestamp="2024-07-15T21:10:35 ICT" skipped="0">
  <testcase classname="com.tiki.product.Product_01_New_Product" name="TC_01_Chrome" time="6.914"/>
  <testcase classname="com.tiki.product.Product_01_New_Product" name="TC_01_Edge" time="111.917"/>
</testsuite> <!-- com.tiki.product.Product_01_New_Product -->
